<?xml version="1.0" encoding="UTF-8"?>
<coverage generated="1718365892176" clover="3.2.0">
  <project timestamp="1718365892176" name="All files">
    <metrics statements="22" coveredstatements="16" conditionals="2" coveredconditionals="1" methods="9" coveredmethods="5" elements="33" coveredelements="22" complexity="0" loc="22" ncloc="22" packages="3" files="3" classes="3"/>
    <package name="components">
      <metrics statements="3" coveredstatements="3" conditionals="2" coveredconditionals="1" methods="1" coveredmethods="1"/>
      <file name="ContactUs.js" path="C:\Users\2XSOLUTION\Documents\GitHub\Namaste-React\Namaste-React\Episode1\src\components\ContactUs.js">
        <metrics statements="3" coveredstatements="3" conditionals="2" coveredconditionals="1" methods="1" coveredmethods="1"/>
        <line num="3" count="1" type="stmt"/>
        <line num="4" count="4" type="stmt"/>
        <line num="5" count="4" type="stmt"/>
      </file>
    </package>
    <package name="components.__test__">
      <metrics statements="2" coveredstatements="2" conditionals="0" coveredconditionals="0" methods="1" coveredmethods="1"/>
      <file name="sum.js" path="C:\Users\2XSOLUTION\Documents\GitHub\Namaste-React\Namaste-React\Episode1\src\components\__test__\sum.js">
        <metrics statements="2" coveredstatements="2" conditionals="0" coveredconditionals="0" methods="1" coveredmethods="1"/>
        <line num="1" count="1" type="stmt"/>
        <line num="2" count="1" type="stmt"/>
      </file>
    </package>
    <package name="utils">
      <metrics statements="17" coveredstatements="11" conditionals="0" coveredconditionals="0" methods="7" coveredmethods="3"/>
      <file name="useOnlineStatus.js" path="C:\Users\2XSOLUTION\Documents\GitHub\Namaste-React\Namaste-React\Episode1\src\utils\useOnlineStatus.js">
        <metrics statements="17" coveredstatements="11" conditionals="0" coveredconditionals="0" methods="7" coveredmethods="3"/>
        <line num="3" count="1" type="stmt"/>
        <line num="4" count="4" type="stmt"/>
        <line num="6" count="4" type="stmt"/>
        <line num="7" count="0" type="stmt"/>
        <line num="8" count="0" type="stmt"/>
        <line num="10" count="4" type="stmt"/>
        <line num="11" count="0" type="stmt"/>
        <line num="12" count="0" type="stmt"/>
        <line num="15" count="4" type="stmt"/>
        <line num="16" count="4" type="stmt"/>
        <line num="17" count="0" type="stmt"/>
        <line num="19" count="4" type="stmt"/>
        <line num="20" count="0" type="stmt"/>
        <line num="23" count="4" type="stmt"/>
        <line num="24" count="4" type="stmt"/>
        <line num="25" count="4" type="stmt"/>
        <line num="29" count="4" type="stmt"/>
      </file>
    </package>
  </project>
</coverage>
