{"C:\\Users\\2XSOLUTION\\Documents\\GitHub\\Namaste-React\\Namaste-React\\Episode1\\src\\components\\ContactUs.js": {"path":"C:\\Users\\2XSOLUTION\\Documents\\GitHub\\Namaste-React\\Namaste-React\\Episode1\\src\\components\\ContactUs.js","statementMap":{"0":{"start":{"line":3,"column":17},"end":{"line":18,"column":1}},"1":{"start":{"line":4,"column":24},"end":{"line":4,"column":41}},"2":{"start":{"line":5,"column":4},"end":{"line":17,"column":5}}},"fnMap":{"0":{"name":"(anonymous_0)","decl":{"start":{"line":3,"column":17},"end":{"line":3,"column":18}},"loc":{"start":{"line":3,"column":22},"end":{"line":18,"column":1}},"line":3}},"branchMap":{"0":{"loc":{"start":{"line":9,"column":30},"end":{"line":9,"column":55}},"type":"cond-expr","locations":[{"start":{"line":9,"column":45},"end":{"line":9,"column":48}},{"start":{"line":9,"column":51},"end":{"line":9,"column":55}}],"line":9}},"s":{"0":1,"1":4,"2":4},"f":{"0":4},"b":{"0":[4,0]},"_coverageSchema":"1a1c01bbd47fc00a2c39e90264f33305004495a9","hash":"a011a41ae50fc04e0e2485c553c405b90b2f7578"}
,"C:\\Users\\2XSOLUTION\\Documents\\GitHub\\Namaste-React\\Namaste-React\\Episode1\\src\\components\\__test__\\sum.js": {"path":"C:\\Users\\2XSOLUTION\\Documents\\GitHub\\Namaste-React\\Namaste-React\\Episode1\\src\\components\\__test__\\sum.js","statementMap":{"0":{"start":{"line":1,"column":17},"end":{"line":3,"column":1}},"1":{"start":{"line":2,"column":4},"end":{"line":2,"column":14}}},"fnMap":{"0":{"name":"(anonymous_0)","decl":{"start":{"line":1,"column":17},"end":{"line":1,"column":18}},"loc":{"start":{"line":1,"column":24},"end":{"line":3,"column":1}},"line":1}},"branchMap":{},"s":{"0":1,"1":1},"f":{"0":1},"b":{},"_coverageSchema":"1a1c01bbd47fc00a2c39e90264f33305004495a9","hash":"0fd689b17d01ec622f7ee21418ed77cb3aa4a0a7"}
,"C:\\Users\\2XSOLUTION\\Documents\\GitHub\\Namaste-React\\Namaste-React\\Episode1\\src\\utils\\useOnlineStatus.js": {"path":"C:\\Users\\2XSOLUTION\\Documents\\GitHub\\Namaste-React\\Namaste-React\\Episode1\\src\\utils\\useOnlineStatus.js","statementMap":{"0":{"start":{"line":3,"column":24},"end":{"line":30,"column":1}},"1":{"start":{"line":4,"column":42},"end":{"line":4,"column":56}},"2":{"start":{"line":6,"column":23},"end":{"line":9,"column":3}},"3":{"start":{"line":7,"column":4},"end":{"line":7,"column":31}},"4":{"start":{"line":8,"column":4},"end":{"line":8,"column":26}},"5":{"start":{"line":10,"column":24},"end":{"line":13,"column":3}},"6":{"start":{"line":11,"column":4},"end":{"line":11,"column":32}},"7":{"start":{"line":12,"column":4},"end":{"line":12,"column":27}},"8":{"start":{"line":15,"column":2},"end":{"line":27,"column":9}},"9":{"start":{"line":16,"column":4},"end":{"line":18,"column":7}},"10":{"start":{"line":17,"column":6},"end":{"line":17,"column":29}},"11":{"start":{"line":19,"column":4},"end":{"line":21,"column":7}},"12":{"start":{"line":20,"column":6},"end":{"line":20,"column":28}},"13":{"start":{"line":23,"column":5},"end":{"line":26,"column":8}},"14":{"start":{"line":24,"column":8},"end":{"line":24,"column":59}},"15":{"start":{"line":25,"column":8},"end":{"line":25,"column":61}},"16":{"start":{"line":29,"column":2},"end":{"line":29,"column":22}}},"fnMap":{"0":{"name":"(anonymous_0)","decl":{"start":{"line":3,"column":24},"end":{"line":3,"column":25}},"loc":{"start":{"line":3,"column":30},"end":{"line":30,"column":1}},"line":3},"1":{"name":"(anonymous_1)","decl":{"start":{"line":6,"column":23},"end":{"line":6,"column":24}},"loc":{"start":{"line":6,"column":29},"end":{"line":9,"column":3}},"line":6},"2":{"name":"(anonymous_2)","decl":{"start":{"line":10,"column":24},"end":{"line":10,"column":25}},"loc":{"start":{"line":10,"column":30},"end":{"line":13,"column":3}},"line":10},"3":{"name":"(anonymous_3)","decl":{"start":{"line":15,"column":12},"end":{"line":15,"column":13}},"loc":{"start":{"line":15,"column":18},"end":{"line":27,"column":3}},"line":15},"4":{"name":"(anonymous_4)","decl":{"start":{"line":16,"column":39},"end":{"line":16,"column":40}},"loc":{"start":{"line":16,"column":45},"end":{"line":18,"column":5}},"line":16},"5":{"name":"(anonymous_5)","decl":{"start":{"line":19,"column":38},"end":{"line":19,"column":39}},"loc":{"start":{"line":19,"column":44},"end":{"line":21,"column":5}},"line":19},"6":{"name":"(anonymous_6)","decl":{"start":{"line":23,"column":12},"end":{"line":23,"column":13}},"loc":{"start":{"line":23,"column":18},"end":{"line":26,"column":7}},"line":23}},"branchMap":{},"s":{"0":1,"1":4,"2":4,"3":0,"4":0,"5":4,"6":0,"7":0,"8":4,"9":4,"10":0,"11":4,"12":0,"13":4,"14":4,"15":4,"16":4},"f":{"0":4,"1":0,"2":0,"3":4,"4":0,"5":0,"6":4},"b":{},"_coverageSchema":"1a1c01bbd47fc00a2c39e90264f33305004495a9","hash":"75c4400ad4886e63b393d88775ea7b4413cd63ba"}
}
